Started GET "/" for 127.0.0.1 at 2017-04-30 11:57:47 -0300
Processing by Rails::WelcomeController#index as HTML
  Rendering /Users/developer/.rvm/gems/ruby-2.4.1/gems/railties-5.1.0/lib/rails/templates/rails/welcome/index.html.erb
  Rendered /Users/developer/.rvm/gems/ruby-2.4.1/gems/railties-5.1.0/lib/rails/templates/rails/welcome/index.html.erb (3.6ms)
Completed 200 OK in 263ms (Views: 10.6ms)


Started GET "/" for 127.0.0.1 at 2017-05-05 21:09:14 -0300
Processing by Rails::WelcomeController#index as HTML
  Rendering /Users/developer/.rvm/gems/ruby-2.4.1/gems/railties-5.1.0/lib/rails/templates/rails/welcome/index.html.erb
  Rendered /Users/developer/.rvm/gems/ruby-2.4.1/gems/railties-5.1.0/lib/rails/templates/rails/welcome/index.html.erb (3.4ms)
Completed 200 OK in 233ms (Views: 8.3ms)


Started GET "/" for 127.0.0.1 at 2017-05-05 21:09:15 -0300
Processing by Rails::WelcomeController#index as HTML
  Rendering /Users/developer/.rvm/gems/ruby-2.4.1/gems/railties-5.1.0/lib/rails/templates/rails/welcome/index.html.erb
  Rendered /Users/developer/.rvm/gems/ruby-2.4.1/gems/railties-5.1.0/lib/rails/templates/rails/welcome/index.html.erb (2.6ms)
Completed 200 OK in 7ms (Views: 4.7ms)


Started GET "/home" for 127.0.0.1 at 2017-05-05 21:09:19 -0300
  
ActionController::RoutingError (No route matches [GET] "/home"):
  
actionpack (5.1.0) lib/action_dispatch/middleware/debug_exceptions.rb:63:in `call'
web-console (3.5.0) lib/web_console/middleware.rb:135:in `call_app'
web-console (3.5.0) lib/web_console/middleware.rb:28:in `block in call'
web-console (3.5.0) lib/web_console/middleware.rb:18:in `catch'
web-console (3.5.0) lib/web_console/middleware.rb:18:in `call'
actionpack (5.1.0) lib/action_dispatch/middleware/show_exceptions.rb:31:in `call'
railties (5.1.0) lib/rails/rack/logger.rb:36:in `call_app'
railties (5.1.0) lib/rails/rack/logger.rb:24:in `block in call'
activesupport (5.1.0) lib/active_support/tagged_logging.rb:69:in `block in tagged'
activesupport (5.1.0) lib/active_support/tagged_logging.rb:26:in `tagged'
activesupport (5.1.0) lib/active_support/tagged_logging.rb:69:in `tagged'
railties (5.1.0) lib/rails/rack/logger.rb:24:in `call'
sprockets-rails (3.2.0) lib/sprockets/rails/quiet_assets.rb:13:in `call'
actionpack (5.1.0) lib/action_dispatch/middleware/remote_ip.rb:79:in `call'
actionpack (5.1.0) lib/action_dispatch/middleware/request_id.rb:25:in `call'
rack (2.0.1) lib/rack/method_override.rb:22:in `call'
rack (2.0.1) lib/rack/runtime.rb:22:in `call'
activesupport (5.1.0) lib/active_support/cache/strategy/local_cache_middleware.rb:27:in `call'
actionpack (5.1.0) lib/action_dispatch/middleware/executor.rb:12:in `call'
actionpack (5.1.0) lib/action_dispatch/middleware/static.rb:125:in `call'
rack (2.0.1) lib/rack/sendfile.rb:111:in `call'
railties (5.1.0) lib/rails/engine.rb:522:in `call'
puma (3.8.2) lib/puma/configuration.rb:224:in `call'
puma (3.8.2) lib/puma/server.rb:600:in `handle_request'
puma (3.8.2) lib/puma/server.rb:435:in `process_client'
puma (3.8.2) lib/puma/server.rb:299:in `block in run'
puma (3.8.2) lib/puma/thread_pool.rb:120:in `block in spawn_thread'
